<?xml version="1.0" encoding="UTF-8" ?>
<testsuite tests="4" failures="0" name="valueprojects.mock_na_pratica.JogoTest" time="0" errors="0" skipped="0">
  <properties>
[...]
</properties>
  <testcase classname="valueprojects.mock_na_pratica.JogoTest" name="naoDevePermitirDoisResultadosMesmoParticipante" time="0"/>
  <testcase classname="valueprojects.mock_na_pratica.JogoTest" name="deveTerVariosResultados" time="0"/>
  <testcase classname="valueprojects.mock_na_pratica.JogoTest" name="deveTerUmResultado" time="0"/>
  <testcase classname="valueprojects.mock_na_pratica.JogoTest" name="naoDevePerimitirMaisQueCincoResultados" time="0"/>
</testsuite>